CRITICAL - 2024-04-11 08:51:44 --> No such file or directory
#0 /var/www/html/apps/cci4/lecture27/system/Database/BaseConnection.php(377): CodeIgniter\Database\MySQLi\Connection->connect()
#1 /var/www/html/apps/cci4/lecture27/system/Database/BaseConnection.php(643): CodeIgniter\Database\BaseConnection->initialize()
#2 /var/www/html/apps/cci4/lecture27/app/Controllers/Main.php(8): CodeIgniter\Database\BaseConnection->query()
#3 /var/www/html/apps/cci4/lecture27/system/CodeIgniter.php(914): App\Controllers\Main->index()
#4 /var/www/html/apps/cci4/lecture27/system/CodeIgniter.php(400): CodeIgniter\CodeIgniter->runController()
#5 /var/www/html/apps/cci4/lecture27/system/CodeIgniter.php(308): CodeIgniter\CodeIgniter->handleRequest()
#6 /var/www/html/apps/cci4/lecture27/public/index.php(45): CodeIgniter\CodeIgniter->run()
#7 {main}
CRITICAL - 2024-04-11 09:11:51 --> No such file or directory
#0 /var/www/html/apps/cci4/lecture27/system/Database/BaseConnection.php(377): CodeIgniter\Database\MySQLi\Connection->connect()
#1 /var/www/html/apps/cci4/lecture27/system/Database/BaseConnection.php(643): CodeIgniter\Database\BaseConnection->initialize()
#2 /var/www/html/apps/cci4/lecture27/app/Controllers/Main.php(8): CodeIgniter\Database\BaseConnection->query()
#3 /var/www/html/apps/cci4/lecture27/system/CodeIgniter.php(914): App\Controllers\Main->index()
#4 /var/www/html/apps/cci4/lecture27/system/CodeIgniter.php(400): CodeIgniter\CodeIgniter->runController()
#5 /var/www/html/apps/cci4/lecture27/system/CodeIgniter.php(308): CodeIgniter\CodeIgniter->handleRequest()
#6 /var/www/html/apps/cci4/lecture27/public/index.php(45): CodeIgniter\CodeIgniter->run()
#7 {main}
CRITICAL - 2024-04-11 09:20:29 --> No such file or directory
#0 /var/www/html/apps/cci4/lecture27/system/Database/BaseConnection.php(377): CodeIgniter\Database\MySQLi\Connection->connect()
#1 /var/www/html/apps/cci4/lecture27/system/Database/BaseConnection.php(643): CodeIgniter\Database\BaseConnection->initialize()
#2 /var/www/html/apps/cci4/lecture27/app/Controllers/Main.php(8): CodeIgniter\Database\BaseConnection->query()
#3 /var/www/html/apps/cci4/lecture27/system/CodeIgniter.php(914): App\Controllers\Main->index()
#4 /var/www/html/apps/cci4/lecture27/system/CodeIgniter.php(400): CodeIgniter\CodeIgniter->runController()
#5 /var/www/html/apps/cci4/lecture27/system/CodeIgniter.php(308): CodeIgniter\CodeIgniter->handleRequest()
#6 /var/www/html/apps/cci4/lecture27/public/index.php(45): CodeIgniter\CodeIgniter->run()
#7 {main}
CRITICAL - 2024-04-11 09:20:45 --> No such file or directory
#0 /var/www/html/apps/cci4/lecture27/system/Database/BaseConnection.php(377): CodeIgniter\Database\MySQLi\Connection->connect()
#1 /var/www/html/apps/cci4/lecture27/system/Database/BaseConnection.php(643): CodeIgniter\Database\BaseConnection->initialize()
#2 /var/www/html/apps/cci4/lecture27/app/Controllers/Main.php(8): CodeIgniter\Database\BaseConnection->query()
#3 /var/www/html/apps/cci4/lecture27/system/CodeIgniter.php(914): App\Controllers\Main->index()
#4 /var/www/html/apps/cci4/lecture27/system/CodeIgniter.php(400): CodeIgniter\CodeIgniter->runController()
#5 /var/www/html/apps/cci4/lecture27/system/CodeIgniter.php(308): CodeIgniter\CodeIgniter->handleRequest()
#6 /var/www/html/apps/cci4/lecture27/public/index.php(45): CodeIgniter\CodeIgniter->run()
#7 {main}
CRITICAL - 2024-04-11 09:20:47 --> No such file or directory
#0 /var/www/html/apps/cci4/lecture27/system/Database/BaseConnection.php(377): CodeIgniter\Database\MySQLi\Connection->connect()
#1 /var/www/html/apps/cci4/lecture27/system/Database/BaseConnection.php(643): CodeIgniter\Database\BaseConnection->initialize()
#2 /var/www/html/apps/cci4/lecture27/app/Controllers/Main.php(8): CodeIgniter\Database\BaseConnection->query()
#3 /var/www/html/apps/cci4/lecture27/system/CodeIgniter.php(914): App\Controllers\Main->index()
#4 /var/www/html/apps/cci4/lecture27/system/CodeIgniter.php(400): CodeIgniter\CodeIgniter->runController()
#5 /var/www/html/apps/cci4/lecture27/system/CodeIgniter.php(308): CodeIgniter\CodeIgniter->handleRequest()
#6 /var/www/html/apps/cci4/lecture27/public/index.php(45): CodeIgniter\CodeIgniter->run()
#7 {main}
CRITICAL - 2024-04-11 09:20:47 --> No such file or directory
#0 /var/www/html/apps/cci4/lecture27/system/Database/BaseConnection.php(377): CodeIgniter\Database\MySQLi\Connection->connect()
#1 /var/www/html/apps/cci4/lecture27/system/Database/BaseConnection.php(643): CodeIgniter\Database\BaseConnection->initialize()
#2 /var/www/html/apps/cci4/lecture27/app/Controllers/Main.php(8): CodeIgniter\Database\BaseConnection->query()
#3 /var/www/html/apps/cci4/lecture27/system/CodeIgniter.php(914): App\Controllers\Main->index()
#4 /var/www/html/apps/cci4/lecture27/system/CodeIgniter.php(400): CodeIgniter\CodeIgniter->runController()
#5 /var/www/html/apps/cci4/lecture27/system/CodeIgniter.php(308): CodeIgniter\CodeIgniter->handleRequest()
#6 /var/www/html/apps/cci4/lecture27/public/index.php(45): CodeIgniter\CodeIgniter->run()
#7 {main}
CRITICAL - 2024-04-11 09:20:48 --> No such file or directory
#0 /var/www/html/apps/cci4/lecture27/system/Database/BaseConnection.php(377): CodeIgniter\Database\MySQLi\Connection->connect()
#1 /var/www/html/apps/cci4/lecture27/system/Database/BaseConnection.php(643): CodeIgniter\Database\BaseConnection->initialize()
#2 /var/www/html/apps/cci4/lecture27/app/Controllers/Main.php(8): CodeIgniter\Database\BaseConnection->query()
#3 /var/www/html/apps/cci4/lecture27/system/CodeIgniter.php(914): App\Controllers\Main->index()
#4 /var/www/html/apps/cci4/lecture27/system/CodeIgniter.php(400): CodeIgniter\CodeIgniter->runController()
#5 /var/www/html/apps/cci4/lecture27/system/CodeIgniter.php(308): CodeIgniter\CodeIgniter->handleRequest()
#6 /var/www/html/apps/cci4/lecture27/public/index.php(45): CodeIgniter\CodeIgniter->run()
#7 {main}
CRITICAL - 2024-04-11 09:20:48 --> No such file or directory
#0 /var/www/html/apps/cci4/lecture27/system/Database/BaseConnection.php(377): CodeIgniter\Database\MySQLi\Connection->connect()
#1 /var/www/html/apps/cci4/lecture27/system/Database/BaseConnection.php(643): CodeIgniter\Database\BaseConnection->initialize()
#2 /var/www/html/apps/cci4/lecture27/app/Controllers/Main.php(8): CodeIgniter\Database\BaseConnection->query()
#3 /var/www/html/apps/cci4/lecture27/system/CodeIgniter.php(914): App\Controllers\Main->index()
#4 /var/www/html/apps/cci4/lecture27/system/CodeIgniter.php(400): CodeIgniter\CodeIgniter->runController()
#5 /var/www/html/apps/cci4/lecture27/system/CodeIgniter.php(308): CodeIgniter\CodeIgniter->handleRequest()
#6 /var/www/html/apps/cci4/lecture27/public/index.php(45): CodeIgniter\CodeIgniter->run()
#7 {main}
CRITICAL - 2024-04-11 09:20:48 --> No such file or directory
#0 /var/www/html/apps/cci4/lecture27/system/Database/BaseConnection.php(377): CodeIgniter\Database\MySQLi\Connection->connect()
#1 /var/www/html/apps/cci4/lecture27/system/Database/BaseConnection.php(643): CodeIgniter\Database\BaseConnection->initialize()
#2 /var/www/html/apps/cci4/lecture27/app/Controllers/Main.php(8): CodeIgniter\Database\BaseConnection->query()
#3 /var/www/html/apps/cci4/lecture27/system/CodeIgniter.php(914): App\Controllers\Main->index()
#4 /var/www/html/apps/cci4/lecture27/system/CodeIgniter.php(400): CodeIgniter\CodeIgniter->runController()
#5 /var/www/html/apps/cci4/lecture27/system/CodeIgniter.php(308): CodeIgniter\CodeIgniter->handleRequest()
#6 /var/www/html/apps/cci4/lecture27/public/index.php(45): CodeIgniter\CodeIgniter->run()
#7 {main}
CRITICAL - 2024-04-11 09:20:48 --> No such file or directory
#0 /var/www/html/apps/cci4/lecture27/system/Database/BaseConnection.php(377): CodeIgniter\Database\MySQLi\Connection->connect()
#1 /var/www/html/apps/cci4/lecture27/system/Database/BaseConnection.php(643): CodeIgniter\Database\BaseConnection->initialize()
#2 /var/www/html/apps/cci4/lecture27/app/Controllers/Main.php(8): CodeIgniter\Database\BaseConnection->query()
#3 /var/www/html/apps/cci4/lecture27/system/CodeIgniter.php(914): App\Controllers\Main->index()
#4 /var/www/html/apps/cci4/lecture27/system/CodeIgniter.php(400): CodeIgniter\CodeIgniter->runController()
#5 /var/www/html/apps/cci4/lecture27/system/CodeIgniter.php(308): CodeIgniter\CodeIgniter->handleRequest()
#6 /var/www/html/apps/cci4/lecture27/public/index.php(45): CodeIgniter\CodeIgniter->run()
#7 {main}
CRITICAL - 2024-04-11 09:20:48 --> No such file or directory
#0 /var/www/html/apps/cci4/lecture27/system/Database/BaseConnection.php(377): CodeIgniter\Database\MySQLi\Connection->connect()
#1 /var/www/html/apps/cci4/lecture27/system/Database/BaseConnection.php(643): CodeIgniter\Database\BaseConnection->initialize()
#2 /var/www/html/apps/cci4/lecture27/app/Controllers/Main.php(8): CodeIgniter\Database\BaseConnection->query()
#3 /var/www/html/apps/cci4/lecture27/system/CodeIgniter.php(914): App\Controllers\Main->index()
#4 /var/www/html/apps/cci4/lecture27/system/CodeIgniter.php(400): CodeIgniter\CodeIgniter->runController()
#5 /var/www/html/apps/cci4/lecture27/system/CodeIgniter.php(308): CodeIgniter\CodeIgniter->handleRequest()
#6 /var/www/html/apps/cci4/lecture27/public/index.php(45): CodeIgniter\CodeIgniter->run()
#7 {main}
CRITICAL - 2024-04-11 09:20:49 --> No such file or directory
#0 /var/www/html/apps/cci4/lecture27/system/Database/BaseConnection.php(377): CodeIgniter\Database\MySQLi\Connection->connect()
#1 /var/www/html/apps/cci4/lecture27/system/Database/BaseConnection.php(643): CodeIgniter\Database\BaseConnection->initialize()
#2 /var/www/html/apps/cci4/lecture27/app/Controllers/Main.php(8): CodeIgniter\Database\BaseConnection->query()
#3 /var/www/html/apps/cci4/lecture27/system/CodeIgniter.php(914): App\Controllers\Main->index()
#4 /var/www/html/apps/cci4/lecture27/system/CodeIgniter.php(400): CodeIgniter\CodeIgniter->runController()
#5 /var/www/html/apps/cci4/lecture27/system/CodeIgniter.php(308): CodeIgniter\CodeIgniter->handleRequest()
#6 /var/www/html/apps/cci4/lecture27/public/index.php(45): CodeIgniter\CodeIgniter->run()
#7 {main}
CRITICAL - 2024-04-11 09:20:49 --> No such file or directory
#0 /var/www/html/apps/cci4/lecture27/system/Database/BaseConnection.php(377): CodeIgniter\Database\MySQLi\Connection->connect()
#1 /var/www/html/apps/cci4/lecture27/system/Database/BaseConnection.php(643): CodeIgniter\Database\BaseConnection->initialize()
#2 /var/www/html/apps/cci4/lecture27/app/Controllers/Main.php(8): CodeIgniter\Database\BaseConnection->query()
#3 /var/www/html/apps/cci4/lecture27/system/CodeIgniter.php(914): App\Controllers\Main->index()
#4 /var/www/html/apps/cci4/lecture27/system/CodeIgniter.php(400): CodeIgniter\CodeIgniter->runController()
#5 /var/www/html/apps/cci4/lecture27/system/CodeIgniter.php(308): CodeIgniter\CodeIgniter->handleRequest()
#6 /var/www/html/apps/cci4/lecture27/public/index.php(45): CodeIgniter\CodeIgniter->run()
#7 {main}
CRITICAL - 2024-04-11 09:20:49 --> No such file or directory
#0 /var/www/html/apps/cci4/lecture27/system/Database/BaseConnection.php(377): CodeIgniter\Database\MySQLi\Connection->connect()
#1 /var/www/html/apps/cci4/lecture27/system/Database/BaseConnection.php(643): CodeIgniter\Database\BaseConnection->initialize()
#2 /var/www/html/apps/cci4/lecture27/app/Controllers/Main.php(8): CodeIgniter\Database\BaseConnection->query()
#3 /var/www/html/apps/cci4/lecture27/system/CodeIgniter.php(914): App\Controllers\Main->index()
#4 /var/www/html/apps/cci4/lecture27/system/CodeIgniter.php(400): CodeIgniter\CodeIgniter->runController()
#5 /var/www/html/apps/cci4/lecture27/system/CodeIgniter.php(308): CodeIgniter\CodeIgniter->handleRequest()
#6 /var/www/html/apps/cci4/lecture27/public/index.php(45): CodeIgniter\CodeIgniter->run()
#7 {main}
CRITICAL - 2024-04-11 09:20:49 --> No such file or directory
#0 /var/www/html/apps/cci4/lecture27/system/Database/BaseConnection.php(377): CodeIgniter\Database\MySQLi\Connection->connect()
#1 /var/www/html/apps/cci4/lecture27/system/Database/BaseConnection.php(643): CodeIgniter\Database\BaseConnection->initialize()
#2 /var/www/html/apps/cci4/lecture27/app/Controllers/Main.php(8): CodeIgniter\Database\BaseConnection->query()
#3 /var/www/html/apps/cci4/lecture27/system/CodeIgniter.php(914): App\Controllers\Main->index()
#4 /var/www/html/apps/cci4/lecture27/system/CodeIgniter.php(400): CodeIgniter\CodeIgniter->runController()
#5 /var/www/html/apps/cci4/lecture27/system/CodeIgniter.php(308): CodeIgniter\CodeIgniter->handleRequest()
#6 /var/www/html/apps/cci4/lecture27/public/index.php(45): CodeIgniter\CodeIgniter->run()
#7 {main}
CRITICAL - 2024-04-11 09:20:50 --> No such file or directory
#0 /var/www/html/apps/cci4/lecture27/system/Database/BaseConnection.php(377): CodeIgniter\Database\MySQLi\Connection->connect()
#1 /var/www/html/apps/cci4/lecture27/system/Database/BaseConnection.php(643): CodeIgniter\Database\BaseConnection->initialize()
#2 /var/www/html/apps/cci4/lecture27/app/Controllers/Main.php(8): CodeIgniter\Database\BaseConnection->query()
#3 /var/www/html/apps/cci4/lecture27/system/CodeIgniter.php(914): App\Controllers\Main->index()
#4 /var/www/html/apps/cci4/lecture27/system/CodeIgniter.php(400): CodeIgniter\CodeIgniter->runController()
#5 /var/www/html/apps/cci4/lecture27/system/CodeIgniter.php(308): CodeIgniter\CodeIgniter->handleRequest()
#6 /var/www/html/apps/cci4/lecture27/public/index.php(45): CodeIgniter\CodeIgniter->run()
#7 {main}
CRITICAL - 2024-04-11 09:21:15 --> No such file or directory
#0 /var/www/html/apps/cci4/lecture27/system/Database/BaseConnection.php(377): CodeIgniter\Database\MySQLi\Connection->connect()
#1 /var/www/html/apps/cci4/lecture27/system/Database/BaseConnection.php(643): CodeIgniter\Database\BaseConnection->initialize()
#2 /var/www/html/apps/cci4/lecture27/app/Controllers/Main.php(8): CodeIgniter\Database\BaseConnection->query()
#3 /var/www/html/apps/cci4/lecture27/system/CodeIgniter.php(914): App\Controllers\Main->index()
#4 /var/www/html/apps/cci4/lecture27/system/CodeIgniter.php(400): CodeIgniter\CodeIgniter->runController()
#5 /var/www/html/apps/cci4/lecture27/system/CodeIgniter.php(308): CodeIgniter\CodeIgniter->handleRequest()
#6 /var/www/html/apps/cci4/lecture27/public/index.php(45): CodeIgniter\CodeIgniter->run()
#7 {main}
CRITICAL - 2024-04-11 09:21:17 --> No such file or directory
#0 /var/www/html/apps/cci4/lecture27/system/Database/BaseConnection.php(377): CodeIgniter\Database\MySQLi\Connection->connect()
#1 /var/www/html/apps/cci4/lecture27/system/Database/BaseConnection.php(643): CodeIgniter\Database\BaseConnection->initialize()
#2 /var/www/html/apps/cci4/lecture27/app/Controllers/Main.php(8): CodeIgniter\Database\BaseConnection->query()
#3 /var/www/html/apps/cci4/lecture27/system/CodeIgniter.php(914): App\Controllers\Main->index()
#4 /var/www/html/apps/cci4/lecture27/system/CodeIgniter.php(400): CodeIgniter\CodeIgniter->runController()
#5 /var/www/html/apps/cci4/lecture27/system/CodeIgniter.php(308): CodeIgniter\CodeIgniter->handleRequest()
#6 /var/www/html/apps/cci4/lecture27/public/index.php(45): CodeIgniter\CodeIgniter->run()
#7 {main}
CRITICAL - 2024-04-11 09:21:17 --> No such file or directory
#0 /var/www/html/apps/cci4/lecture27/system/Database/BaseConnection.php(377): CodeIgniter\Database\MySQLi\Connection->connect()
#1 /var/www/html/apps/cci4/lecture27/system/Database/BaseConnection.php(643): CodeIgniter\Database\BaseConnection->initialize()
#2 /var/www/html/apps/cci4/lecture27/app/Controllers/Main.php(8): CodeIgniter\Database\BaseConnection->query()
#3 /var/www/html/apps/cci4/lecture27/system/CodeIgniter.php(914): App\Controllers\Main->index()
#4 /var/www/html/apps/cci4/lecture27/system/CodeIgniter.php(400): CodeIgniter\CodeIgniter->runController()
#5 /var/www/html/apps/cci4/lecture27/system/CodeIgniter.php(308): CodeIgniter\CodeIgniter->handleRequest()
#6 /var/www/html/apps/cci4/lecture27/public/index.php(45): CodeIgniter\CodeIgniter->run()
#7 {main}
CRITICAL - 2024-04-11 09:21:17 --> No such file or directory
#0 /var/www/html/apps/cci4/lecture27/system/Database/BaseConnection.php(377): CodeIgniter\Database\MySQLi\Connection->connect()
#1 /var/www/html/apps/cci4/lecture27/system/Database/BaseConnection.php(643): CodeIgniter\Database\BaseConnection->initialize()
#2 /var/www/html/apps/cci4/lecture27/app/Controllers/Main.php(8): CodeIgniter\Database\BaseConnection->query()
#3 /var/www/html/apps/cci4/lecture27/system/CodeIgniter.php(914): App\Controllers\Main->index()
#4 /var/www/html/apps/cci4/lecture27/system/CodeIgniter.php(400): CodeIgniter\CodeIgniter->runController()
#5 /var/www/html/apps/cci4/lecture27/system/CodeIgniter.php(308): CodeIgniter\CodeIgniter->handleRequest()
#6 /var/www/html/apps/cci4/lecture27/public/index.php(45): CodeIgniter\CodeIgniter->run()
#7 {main}
CRITICAL - 2024-04-11 09:22:20 --> No such file or directory
#0 /var/www/html/apps/cci4/lecture27/system/Database/BaseConnection.php(377): CodeIgniter\Database\MySQLi\Connection->connect()
#1 /var/www/html/apps/cci4/lecture27/system/Database/BaseConnection.php(643): CodeIgniter\Database\BaseConnection->initialize()
#2 /var/www/html/apps/cci4/lecture27/app/Controllers/Main.php(8): CodeIgniter\Database\BaseConnection->query()
#3 /var/www/html/apps/cci4/lecture27/system/CodeIgniter.php(914): App\Controllers\Main->index()
#4 /var/www/html/apps/cci4/lecture27/system/CodeIgniter.php(400): CodeIgniter\CodeIgniter->runController()
#5 /var/www/html/apps/cci4/lecture27/system/CodeIgniter.php(308): CodeIgniter\CodeIgniter->handleRequest()
#6 /var/www/html/apps/cci4/lecture27/public/index.php(45): CodeIgniter\CodeIgniter->run()
#7 {main}
CRITICAL - 2024-04-11 09:22:23 --> No such file or directory
#0 /var/www/html/apps/cci4/lecture27/system/Database/BaseConnection.php(377): CodeIgniter\Database\MySQLi\Connection->connect()
#1 /var/www/html/apps/cci4/lecture27/system/Database/BaseConnection.php(643): CodeIgniter\Database\BaseConnection->initialize()
#2 /var/www/html/apps/cci4/lecture27/app/Controllers/Main.php(8): CodeIgniter\Database\BaseConnection->query()
#3 /var/www/html/apps/cci4/lecture27/system/CodeIgniter.php(914): App\Controllers\Main->index()
#4 /var/www/html/apps/cci4/lecture27/system/CodeIgniter.php(400): CodeIgniter\CodeIgniter->runController()
#5 /var/www/html/apps/cci4/lecture27/system/CodeIgniter.php(308): CodeIgniter\CodeIgniter->handleRequest()
#6 /var/www/html/apps/cci4/lecture27/public/index.php(45): CodeIgniter\CodeIgniter->run()
#7 {main}
CRITICAL - 2024-04-11 09:22:24 --> No such file or directory
#0 /var/www/html/apps/cci4/lecture27/system/Database/BaseConnection.php(377): CodeIgniter\Database\MySQLi\Connection->connect()
#1 /var/www/html/apps/cci4/lecture27/system/Database/BaseConnection.php(643): CodeIgniter\Database\BaseConnection->initialize()
#2 /var/www/html/apps/cci4/lecture27/app/Controllers/Main.php(8): CodeIgniter\Database\BaseConnection->query()
#3 /var/www/html/apps/cci4/lecture27/system/CodeIgniter.php(914): App\Controllers\Main->index()
#4 /var/www/html/apps/cci4/lecture27/system/CodeIgniter.php(400): CodeIgniter\CodeIgniter->runController()
#5 /var/www/html/apps/cci4/lecture27/system/CodeIgniter.php(308): CodeIgniter\CodeIgniter->handleRequest()
#6 /var/www/html/apps/cci4/lecture27/public/index.php(45): CodeIgniter\CodeIgniter->run()
#7 {main}
CRITICAL - 2024-04-11 09:22:24 --> No such file or directory
#0 /var/www/html/apps/cci4/lecture27/system/Database/BaseConnection.php(377): CodeIgniter\Database\MySQLi\Connection->connect()
#1 /var/www/html/apps/cci4/lecture27/system/Database/BaseConnection.php(643): CodeIgniter\Database\BaseConnection->initialize()
#2 /var/www/html/apps/cci4/lecture27/app/Controllers/Main.php(8): CodeIgniter\Database\BaseConnection->query()
#3 /var/www/html/apps/cci4/lecture27/system/CodeIgniter.php(914): App\Controllers\Main->index()
#4 /var/www/html/apps/cci4/lecture27/system/CodeIgniter.php(400): CodeIgniter\CodeIgniter->runController()
#5 /var/www/html/apps/cci4/lecture27/system/CodeIgniter.php(308): CodeIgniter\CodeIgniter->handleRequest()
#6 /var/www/html/apps/cci4/lecture27/public/index.php(45): CodeIgniter\CodeIgniter->run()
#7 {main}
CRITICAL - 2024-04-11 09:22:25 --> No such file or directory
#0 /var/www/html/apps/cci4/lecture27/system/Database/BaseConnection.php(377): CodeIgniter\Database\MySQLi\Connection->connect()
#1 /var/www/html/apps/cci4/lecture27/system/Database/BaseConnection.php(643): CodeIgniter\Database\BaseConnection->initialize()
#2 /var/www/html/apps/cci4/lecture27/app/Controllers/Main.php(8): CodeIgniter\Database\BaseConnection->query()
#3 /var/www/html/apps/cci4/lecture27/system/CodeIgniter.php(914): App\Controllers\Main->index()
#4 /var/www/html/apps/cci4/lecture27/system/CodeIgniter.php(400): CodeIgniter\CodeIgniter->runController()
#5 /var/www/html/apps/cci4/lecture27/system/CodeIgniter.php(308): CodeIgniter\CodeIgniter->handleRequest()
#6 /var/www/html/apps/cci4/lecture27/public/index.php(45): CodeIgniter\CodeIgniter->run()
#7 {main}
CRITICAL - 2024-04-11 09:23:24 --> No such file or directory
#0 /var/www/html/apps/cci4/lecture27/system/Database/BaseConnection.php(377): CodeIgniter\Database\MySQLi\Connection->connect()
#1 /var/www/html/apps/cci4/lecture27/system/Database/BaseConnection.php(643): CodeIgniter\Database\BaseConnection->initialize()
#2 /var/www/html/apps/cci4/lecture27/app/Controllers/Main.php(8): CodeIgniter\Database\BaseConnection->query()
#3 /var/www/html/apps/cci4/lecture27/system/CodeIgniter.php(914): App\Controllers\Main->index()
#4 /var/www/html/apps/cci4/lecture27/system/CodeIgniter.php(400): CodeIgniter\CodeIgniter->runController()
#5 /var/www/html/apps/cci4/lecture27/system/CodeIgniter.php(308): CodeIgniter\CodeIgniter->handleRequest()
#6 /var/www/html/apps/cci4/lecture27/public/index.php(45): CodeIgniter\CodeIgniter->run()
#7 {main}
CRITICAL - 2024-04-11 09:23:25 --> No such file or directory
#0 /var/www/html/apps/cci4/lecture27/system/Database/BaseConnection.php(377): CodeIgniter\Database\MySQLi\Connection->connect()
#1 /var/www/html/apps/cci4/lecture27/system/Database/BaseConnection.php(643): CodeIgniter\Database\BaseConnection->initialize()
#2 /var/www/html/apps/cci4/lecture27/app/Controllers/Main.php(8): CodeIgniter\Database\BaseConnection->query()
#3 /var/www/html/apps/cci4/lecture27/system/CodeIgniter.php(914): App\Controllers\Main->index()
#4 /var/www/html/apps/cci4/lecture27/system/CodeIgniter.php(400): CodeIgniter\CodeIgniter->runController()
#5 /var/www/html/apps/cci4/lecture27/system/CodeIgniter.php(308): CodeIgniter\CodeIgniter->handleRequest()
#6 /var/www/html/apps/cci4/lecture27/public/index.php(45): CodeIgniter\CodeIgniter->run()
#7 {main}
CRITICAL - 2024-04-11 09:25:14 --> No such file or directory
#0 /var/www/html/apps/cci4/lecture27/system/Database/BaseConnection.php(377): CodeIgniter\Database\MySQLi\Connection->connect()
#1 /var/www/html/apps/cci4/lecture27/system/Database/BaseConnection.php(643): CodeIgniter\Database\BaseConnection->initialize()
#2 /var/www/html/apps/cci4/lecture27/app/Controllers/Main.php(8): CodeIgniter\Database\BaseConnection->query()
#3 /var/www/html/apps/cci4/lecture27/system/CodeIgniter.php(914): App\Controllers\Main->index()
#4 /var/www/html/apps/cci4/lecture27/system/CodeIgniter.php(400): CodeIgniter\CodeIgniter->runController()
#5 /var/www/html/apps/cci4/lecture27/system/CodeIgniter.php(308): CodeIgniter\CodeIgniter->handleRequest()
#6 /var/www/html/apps/cci4/lecture27/public/index.php(45): CodeIgniter\CodeIgniter->run()
#7 {main}
CRITICAL - 2024-04-11 09:25:14 --> No such file or directory
#0 /var/www/html/apps/cci4/lecture27/system/Database/BaseConnection.php(377): CodeIgniter\Database\MySQLi\Connection->connect()
#1 /var/www/html/apps/cci4/lecture27/system/Database/BaseConnection.php(643): CodeIgniter\Database\BaseConnection->initialize()
#2 /var/www/html/apps/cci4/lecture27/app/Controllers/Main.php(8): CodeIgniter\Database\BaseConnection->query()
#3 /var/www/html/apps/cci4/lecture27/system/CodeIgniter.php(914): App\Controllers\Main->index()
#4 /var/www/html/apps/cci4/lecture27/system/CodeIgniter.php(400): CodeIgniter\CodeIgniter->runController()
#5 /var/www/html/apps/cci4/lecture27/system/CodeIgniter.php(308): CodeIgniter\CodeIgniter->handleRequest()
#6 /var/www/html/apps/cci4/lecture27/public/index.php(45): CodeIgniter\CodeIgniter->run()
#7 {main}
CRITICAL - 2024-04-11 12:50:45 --> Unknown database 'online_store'
#0 /var/www/html/apps/cci4/lecture27/system/Database/BaseConnection.php(377): CodeIgniter\Database\MySQLi\Connection->connect()
#1 /var/www/html/apps/cci4/lecture27/system/Database/BaseConnection.php(643): CodeIgniter\Database\BaseConnection->initialize()
#2 /var/www/html/apps/cci4/lecture27/app/Controllers/Main.php(8): CodeIgniter\Database\BaseConnection->query()
#3 /var/www/html/apps/cci4/lecture27/system/CodeIgniter.php(914): App\Controllers\Main->index()
#4 /var/www/html/apps/cci4/lecture27/system/CodeIgniter.php(400): CodeIgniter\CodeIgniter->runController()
#5 /var/www/html/apps/cci4/lecture27/system/CodeIgniter.php(308): CodeIgniter\CodeIgniter->handleRequest()
#6 /var/www/html/apps/cci4/lecture27/public/index.php(45): CodeIgniter\CodeIgniter->run()
#7 {main}
CRITICAL - 2024-04-11 12:57:01 --> Unknown database 'online_store'
#0 /var/www/html/apps/cci4/lecture27/system/Database/BaseConnection.php(377): CodeIgniter\Database\MySQLi\Connection->connect()
#1 /var/www/html/apps/cci4/lecture27/system/Database/BaseConnection.php(643): CodeIgniter\Database\BaseConnection->initialize()
#2 /var/www/html/apps/cci4/lecture27/app/Controllers/Main.php(8): CodeIgniter\Database\BaseConnection->query()
#3 /var/www/html/apps/cci4/lecture27/system/CodeIgniter.php(914): App\Controllers\Main->index()
#4 /var/www/html/apps/cci4/lecture27/system/CodeIgniter.php(400): CodeIgniter\CodeIgniter->runController()
#5 /var/www/html/apps/cci4/lecture27/system/CodeIgniter.php(308): CodeIgniter\CodeIgniter->handleRequest()
#6 /var/www/html/apps/cci4/lecture27/public/index.php(45): CodeIgniter\CodeIgniter->run()
#7 {main}
CRITICAL - 2024-04-11 13:36:20 --> Too few arguments to function App\Controllers\Main::index(), 0 passed in /var/www/html/apps/cci4/lecture29/system/CodeIgniter.php on line 914 and exactly 1 expected
#0 /var/www/html/apps/cci4/lecture29/system/CodeIgniter.php(914): App\Controllers\Main->index()
#1 /var/www/html/apps/cci4/lecture29/system/CodeIgniter.php(400): CodeIgniter\CodeIgniter->runController()
#2 /var/www/html/apps/cci4/lecture29/system/CodeIgniter.php(308): CodeIgniter\CodeIgniter->handleRequest()
#3 /var/www/html/apps/cci4/lecture29/public/index.php(45): CodeIgniter\CodeIgniter->run()
#4 {main}
CRITICAL - 2024-04-11 13:49:57 --> Too few arguments to function App\Controllers\Main::index(), 0 passed in /var/www/html/apps/cci4/lecture30/system/CodeIgniter.php on line 914 and exactly 1 expected
#0 /var/www/html/apps/cci4/lecture30/system/CodeIgniter.php(914): App\Controllers\Main->index()
#1 /var/www/html/apps/cci4/lecture30/system/CodeIgniter.php(400): CodeIgniter\CodeIgniter->runController()
#2 /var/www/html/apps/cci4/lecture30/system/CodeIgniter.php(308): CodeIgniter\CodeIgniter->handleRequest()
#3 /var/www/html/apps/cci4/lecture30/public/index.php(45): CodeIgniter\CodeIgniter->run()
#4 {main}
